This file contains any messages produced by compilers while
running configure, to aid debugging if configure makes a mistake.

It was created by bluez configure 5.65, which was
generated by GNU Autoconf 2.71.  Invocation command line was

  $ /home/rossola/Documents/bluez-5.65/configure --enable-library

## --------- ##
## Platform. ##
## --------- ##

hostname = rossolaPF2TZ1TZ
uname -m = x86_64
uname -r = 5.15.0-69-generic
uname -s = Linux
uname -v = #76~20.04.1-Ubuntu SMP Mon Mar 20 15:54:19 UTC 2023

/usr/bin/uname -p = x86_64
/bin/uname -X     = unknown

/bin/arch              = x86_64
/usr/bin/arch -k       = unknown
/usr/convex/getsysinfo = unknown
/usr/bin/hostinfo      = unknown
/bin/machine           = unknown
/usr/bin/oslevel       = unknown
/bin/universe          = unknown

PATH: /home/rossola/.local/share/pnpm/
PATH: /home/rossola/.nvm/versions/node/v16.19.1/bin/
PATH: /home/rossola/.jdks/1.8.0_161/jdk1.8.0_161//bin/
PATH: /usr/local/sbin/
PATH: /usr/local/bin/
PATH: /usr/sbin/
PATH: /usr/bin/
PATH: /sbin/
PATH: /bin/
PATH: /usr/games/
PATH: /usr/local/games/
PATH: /snap/bin/
PATH: /usr/local/go/bin/
PATH: /usr/local/go/bin/


## ----------- ##
## Core tests. ##
## ----------- ##

configure:2644: looking for aux files: config.guess config.sub ltmain.sh compile missing install-sh
configure:2657:  trying /home/rossola/Documents/bluez-5.65/
configure:2686:   /home/rossola/Documents/bluez-5.65/config.guess found
configure:2686:   /home/rossola/Documents/bluez-5.65/config.sub found
configure:2686:   /home/rossola/Documents/bluez-5.65/ltmain.sh found
configure:2686:   /home/rossola/Documents/bluez-5.65/compile found
configure:2686:   /home/rossola/Documents/bluez-5.65/missing found
configure:2668:   /home/rossola/Documents/bluez-5.65/install-sh found
configure:2816: checking for a BSD-compatible install
configure:2889: result: /usr/bin/install -c
configure:2900: checking whether build environment is sane
configure:2955: result: yes
configure:3112: checking for a race-free mkdir -p
configure:3156: result: /usr/bin/mkdir -p
configure:3163: checking for gawk
configure:3198: result: no
configure:3163: checking for mawk
configure:3184: found /usr/bin/mawk
configure:3195: result: mawk
configure:3206: checking whether make sets $(MAKE)
configure:3229: result: yes
configure:3259: checking whether make supports nested variables
configure:3277: result: yes
configure:3294: error: source directory already configured; run "make distclean" there first

## ---------------- ##
## Cache variables. ##
## ---------------- ##

ac_cv_env_ALSA_CFLAGS_set=
ac_cv_env_ALSA_CFLAGS_value=
ac_cv_env_ALSA_LIBS_set=
ac_cv_env_ALSA_LIBS_value=
ac_cv_env_CC_set=
ac_cv_env_CC_value=
ac_cv_env_CFLAGS_set=
ac_cv_env_CFLAGS_value=
ac_cv_env_CPPFLAGS_set=
ac_cv_env_CPPFLAGS_value=
ac_cv_env_DBUS_CFLAGS_set=
ac_cv_env_DBUS_CFLAGS_value=
ac_cv_env_DBUS_LIBS_set=
ac_cv_env_DBUS_LIBS_value=
ac_cv_env_ELL_CFLAGS_set=
ac_cv_env_ELL_CFLAGS_value=
ac_cv_env_ELL_LIBS_set=
ac_cv_env_ELL_LIBS_value=
ac_cv_env_GLIB_CFLAGS_set=
ac_cv_env_GLIB_CFLAGS_value=
ac_cv_env_GLIB_LIBS_set=
ac_cv_env_GLIB_LIBS_value=
ac_cv_env_GTHREAD_CFLAGS_set=
ac_cv_env_GTHREAD_CFLAGS_value=
ac_cv_env_GTHREAD_LIBS_set=
ac_cv_env_GTHREAD_LIBS_value=
ac_cv_env_ICAL_CFLAGS_set=
ac_cv_env_ICAL_CFLAGS_value=
ac_cv_env_ICAL_LIBS_set=
ac_cv_env_ICAL_LIBS_value=
ac_cv_env_JSONC_CFLAGS_set=
ac_cv_env_JSONC_CFLAGS_value=
ac_cv_env_JSONC_LIBS_set=
ac_cv_env_JSONC_LIBS_value=
ac_cv_env_LDFLAGS_set=
ac_cv_env_LDFLAGS_value=
ac_cv_env_LIBEBOOK_CFLAGS_set=
ac_cv_env_LIBEBOOK_CFLAGS_value=
ac_cv_env_LIBEBOOK_LIBS_set=
ac_cv_env_LIBEBOOK_LIBS_value=
ac_cv_env_LIBEDATESERVER_CFLAGS_set=
ac_cv_env_LIBEDATESERVER_CFLAGS_value=
ac_cv_env_LIBEDATESERVER_LIBS_set=
ac_cv_env_LIBEDATESERVER_LIBS_value=
ac_cv_env_LIBS_set=
ac_cv_env_LIBS_value=
ac_cv_env_LT_SYS_LIBRARY_PATH_set=
ac_cv_env_LT_SYS_LIBRARY_PATH_value=
ac_cv_env_PKG_CONFIG_LIBDIR_set=
ac_cv_env_PKG_CONFIG_LIBDIR_value=
ac_cv_env_PKG_CONFIG_PATH_set=
ac_cv_env_PKG_CONFIG_PATH_value=
ac_cv_env_PKG_CONFIG_set=
ac_cv_env_PKG_CONFIG_value=
ac_cv_env_SBC_CFLAGS_set=
ac_cv_env_SBC_CFLAGS_value=
ac_cv_env_SBC_LIBS_set=
ac_cv_env_SBC_LIBS_value=
ac_cv_env_SPEEXDSP_CFLAGS_set=
ac_cv_env_SPEEXDSP_CFLAGS_value=
ac_cv_env_SPEEXDSP_LIBS_set=
ac_cv_env_SPEEXDSP_LIBS_value=
ac_cv_env_UDEV_CFLAGS_set=
ac_cv_env_UDEV_CFLAGS_value=
ac_cv_env_UDEV_LIBS_set=
ac_cv_env_UDEV_LIBS_value=
ac_cv_env_build_alias_set=
ac_cv_env_build_alias_value=
ac_cv_env_host_alias_set=
ac_cv_env_host_alias_value=
ac_cv_env_target_alias_set=
ac_cv_env_target_alias_value=
ac_cv_path_install='/usr/bin/install -c'
ac_cv_path_mkdir=/usr/bin/mkdir
ac_cv_prog_AWK=mawk
ac_cv_prog_make_make_set=yes
am_cv_make_support_nested_variables=yes

## ----------------- ##
## Output variables. ##
## ----------------- ##

A2DP_FALSE=''
A2DP_TRUE=''
ACLOCAL=''
ADMIN_FALSE=''
ADMIN_TRUE=''
ALSA_CFLAGS=''
ALSA_LIBS=''
AMDEPBACKSLASH=''
AMDEP_FALSE=''
AMDEP_TRUE=''
AMTAR=''
AM_BACKSLASH='\'
AM_DEFAULT_V='$(AM_DEFAULT_VERBOSITY)'
AM_DEFAULT_VERBOSITY='1'
AM_V='$(V)'
ANDROID_FALSE=''
ANDROID_TRUE=''
AR=''
ASAN_LIB=''
AUTOCONF=''
AUTOHEADER=''
AUTOMAKE=''
AVRCP_FALSE=''
AVRCP_TRUE=''
AWK='mawk'
BACKTRACE_CFLAGS=''
BACKTRACE_LIBS=''
BTPCLIENT_FALSE=''
BTPCLIENT_TRUE=''
CC=''
CCDEPMODE=''
CFLAGS=''
CLIENT_FALSE=''
CLIENT_TRUE=''
CONFIGDIR=''
COVERAGE_FALSE=''
COVERAGE_TRUE=''
CPPFLAGS=''
CSCOPE=''
CTAGS=''
CUPS_FALSE=''
CUPS_TRUE=''
CYGPATH_W=''
DATAFILES_FALSE=''
DATAFILES_TRUE=''
DBUS_CFLAGS=''
DBUS_CONFDIR=''
DBUS_LIBS=''
DBUS_RUN_SESSION_FALSE=''
DBUS_RUN_SESSION_TRUE=''
DBUS_SESSIONBUSDIR=''
DBUS_SYSTEMBUSDIR=''
DEFS=''
DEPDIR=''
DEPRECATED_FALSE=''
DEPRECATED_TRUE=''
DLLTOOL=''
DSYMUTIL=''
DUMPBIN=''
ECHO_C=''
ECHO_N='-n'
ECHO_T=''
EGREP=''
ELL_CFLAGS=''
ELL_LIBS=''
ETAGS=''
EXEEXT=''
EXPERIMENTAL_FALSE=''
EXPERIMENTAL_TRUE=''
EXTERNAL_ELL_FALSE=''
EXTERNAL_ELL_TRUE=''
FGREP=''
FILECMD=''
GLIB_CFLAGS=''
GLIB_LIBS=''
GREP=''
GTHREAD_CFLAGS=''
GTHREAD_LIBS=''
HEALTH_FALSE=''
HEALTH_TRUE=''
HID2HCI_FALSE=''
HID2HCI_TRUE=''
HID_FALSE=''
HID_TRUE=''
HOG_FALSE=''
HOG_TRUE=''
ICAL_CFLAGS=''
ICAL_LIBS=''
INSTALL_DATA='${INSTALL} -m 644'
INSTALL_PROGRAM='${INSTALL}'
INSTALL_SCRIPT='${INSTALL}'
INSTALL_STRIP_PROGRAM='$(install_sh) -c -s'
JSONC_CFLAGS=''
JSONC_LIBS=''
JSON_CFLAGS=''
JSON_LIBS=''
LD=''
LDFLAGS=''
LIBEBOOK_CFLAGS=''
LIBEBOOK_LIBS=''
LIBEDATESERVER_CFLAGS=''
LIBEDATESERVER_LIBS=''
LIBOBJS=''
LIBRARY_FALSE=''
LIBRARY_TRUE=''
LIBS=''
LIBSHARED_ELL_FALSE=''
LIBSHARED_ELL_TRUE=''
LIBTOOL=''
LIPO=''
LN_S=''
LOGGER_FALSE=''
LOGGER_TRUE=''
LTLIBOBJS=''
LT_SYS_LIBRARY_PATH=''
MAINT=''
MAINTAINER_MODE_FALSE=''
MAINTAINER_MODE_TRUE=''
MAKEINFO=''
MANIFEST_TOOL=''
MANPAGES_FALSE=''
MANPAGES_TRUE=''
MESH_FALSE=''
MESH_STORAGEDIR=''
MESH_TRUE=''
MIDI_FALSE=''
MIDI_TRUE=''
MISC_CFLAGS=''
MISC_LDFLAGS=''
MKDIR_P='/usr/bin/mkdir -p'
MONITOR_FALSE=''
MONITOR_TRUE=''
NETWORK_FALSE=''
NETWORK_TRUE=''
NFC_FALSE=''
NFC_TRUE=''
NM=''
NMEDIT=''
OBEX_FALSE=''
OBEX_TRUE=''
OBJDUMP=''
OBJEXT=''
OTOOL64=''
OTOOL=''
PACKAGE=''
PACKAGE_BUGREPORT=''
PACKAGE_NAME='bluez'
PACKAGE_STRING='bluez 5.65'
PACKAGE_TARNAME='bluez'
PACKAGE_URL=''
PACKAGE_VERSION='5.65'
PATH_SEPARATOR=':'
PKG_CONFIG=''
PKG_CONFIG_LIBDIR=''
PKG_CONFIG_PATH=''
PLUGIN_PHONEBOOK=''
RANLIB=''
READLINE_FALSE=''
READLINE_TRUE=''
RST2MAN=''
RUN_RST2MAN_FALSE=''
RUN_RST2MAN_TRUE=''
SAP_FALSE=''
SAP_TRUE=''
SBC_CFLAGS=''
SBC_LIBS=''
SED=''
SET_MAKE=''
SHELL='/bin/bash'
SIXAXIS_FALSE=''
SIXAXIS_TRUE=''
SPEEXDSP_CFLAGS=''
SPEEXDSP_LIBS=''
STRIP=''
SYSTEMD_FALSE=''
SYSTEMD_SYSTEMUNITDIR=''
SYSTEMD_TRUE=''
SYSTEMD_USERUNITDIR=''
TESTING_FALSE=''
TESTING_TRUE=''
TEST_FALSE=''
TEST_TRUE=''
TOOLS_FALSE=''
TOOLS_TRUE=''
UDEV_CFLAGS=''
UDEV_DIR=''
UDEV_FALSE=''
UDEV_LIBS=''
UDEV_TRUE=''
VALGRIND_FALSE=''
VALGRIND_TRUE=''
VERSION=''
WARNING_CFLAGS=''
ZSH_COMPLETIONDIR=''
ZSH_COMPLETIONS_FALSE=''
ZSH_COMPLETIONS_TRUE=''
ac_ct_AR=''
ac_ct_CC=''
ac_ct_DUMPBIN=''
am__EXEEXT_FALSE=''
am__EXEEXT_TRUE=''
am__fastdepCC_FALSE=''
am__fastdepCC_TRUE=''
am__include=''
am__isrc=' -I$(srcdir)'
am__leading_dot='.'
am__nodep=''
am__quote=''
am__tar=''
am__untar=''
bindir='${exec_prefix}/bin'
build=''
build_alias=''
build_cpu=''
build_os=''
build_vendor=''
datadir='${datarootdir}'
datarootdir='${prefix}/share'
docdir='${datarootdir}/doc/${PACKAGE_TARNAME}'
dvidir='${docdir}'
enable_coverage=''
enable_dbus_run_session=''
enable_valgrind=''
exec_prefix='NONE'
host=''
host_alias=''
host_cpu=''
host_os=''
host_vendor=''
htmldir='${docdir}'
includedir='${prefix}/include'
infodir='${datarootdir}/info'
install_sh='${SHELL} /home/rossola/Documents/bluez-5.65/install-sh'
libdir='${exec_prefix}/lib'
libexecdir='${exec_prefix}/libexec'
localedir='${datarootdir}/locale'
localstatedir='${prefix}/var'
mandir='${datarootdir}/man'
mkdir_p=''
oldincludedir='/usr/include'
pdfdir='${docdir}'
prefix='NONE'
program_transform_name='s,x,x,'
psdir='${docdir}'
runstatedir='${localstatedir}/run'
sbindir='${exec_prefix}/sbin'
sharedstatedir='${prefix}/com'
sysconfdir='${prefix}/etc'
target_alias=''

## ----------- ##
## confdefs.h. ##
## ----------- ##

/* confdefs.h */
#define PACKAGE_NAME "bluez"
#define PACKAGE_TARNAME "bluez"
#define PACKAGE_VERSION "5.65"
#define PACKAGE_STRING "bluez 5.65"
#define PACKAGE_BUGREPORT ""
#define PACKAGE_URL ""

configure: exit 1
